<?xml version="1.0" encoding="UTF-8"?>
<!-- Generated by org.testng.reporters.JUnitXMLReporter -->
<testsuite ignored="0" hostname="LAPTOP-8IINSRMD" failures="0" tests="7" name="my-test" time="9.494" errors="0" timestamp="2025-12-05T16:07:16 IST">
  <testcase classname="sample18.OrangeHrmTest" name="openapp" time="4.266"/>
  <testcase classname="sample18.OrangeHrmTest" name="testLogo" time="3.09"/>
  <testcase classname="sample18.OrangeHrmTest" name="testLogin" time="1.832"/>
  <testcase classname="sample18.OrangeHrmTest" name="closeApp" time="0.203"/>
  <testcase classname="sample18.FirstTestCase" name="openapp" time="0.002"/>
  <testcase classname="sample18.FirstTestCase" name="login" time="0.005"/>
  <testcase classname="sample18.FirstTestCase" name="logout" time="0.003"/>
</testsuite> <!-- my-test -->
