<?xml version="1.0" encoding="UTF-8"?>
<!-- Generated by org.testng.reporters.JUnitXMLReporter -->
<testsuite ignored="0" hostname="LAPTOP-8IINSRMD" failures="2" tests="9" name="RetryMultipleFailedTestCases" time="0.094" errors="0" timestamp="2026-03-16T15:18:26 IST">
  <testcase classname="retryLogic.MyTests" name="test1" time="0.014">
    <skipped/>
  </testcase> <!-- test1 -->
  <testcase classname="retryLogic.MyTests" name="test1" time="0.001">
    <skipped/>
  </testcase> <!-- test1 -->
  <testcase classname="retryLogic.MyTests" name="test1" time="0.001">
    <skipped/>
  </testcase> <!-- test1 -->
  <testcase classname="retryLogic.MyTests" name="test1" time="0.001">
    <failure type="java.lang.AssertionError" message="expected [true] but found [false]">
      <![CDATA[java.lang.AssertionError: expected [true] but found [false]
at retryLogic.MyTests.test1(MyTests.java:11)
at java.base/java.util.ArrayList.forEach(ArrayList.java:1596)
... Removed 32 stack frames]]>
    </failure>
  </testcase> <!-- test1 -->
  <testcase classname="retryLogic.MyTests" name="test2" time="0.001"/>
  <testcase classname="retryLogic.MyTests" name="test3" time="0.001">
    <skipped/>
  </testcase> <!-- test3 -->
  <testcase classname="retryLogic.MyTests" name="test3" time="0.001">
    <skipped/>
  </testcase> <!-- test3 -->
  <testcase classname="retryLogic.MyTests" name="test3" time="0.001">
    <skipped/>
  </testcase> <!-- test3 -->
  <testcase classname="retryLogic.MyTests" name="test3" time="0.001">
    <failure type="java.lang.AssertionError" message="expected [true] but found [false]">
      <![CDATA[java.lang.AssertionError: expected [true] but found [false]
at retryLogic.MyTests.test3(MyTests.java:21)
at java.base/java.util.ArrayList.forEach(ArrayList.java:1596)
... Removed 32 stack frames]]>
    </failure>
  </testcase> <!-- test3 -->
</testsuite> <!-- RetryMultipleFailedTestCases -->
