<?xml version="1.0" encoding="UTF-8"?>
<!-- Generated by org.testng.reporters.JUnitXMLReporter -->
<testsuite ignored="0" hostname="LAPTOP-8IINSRMD" failures="0" tests="3" name="chromeTest" time="8.349" errors="0" timestamp="2026-03-16T10:26:21 IST">
  <testcase classname="sample21.ParamTest" name="testLogo" time="0.568"/>
  <testcase classname="sample21.ParamTest" name="testTitle" time="0.024"/>
  <testcase classname="sample21.ParamTest" name="testUrl" time="0.012"/>
</testsuite> <!-- chromeTest -->
