<?xml version="1.0" encoding="UTF-8"?>
<testsuite xmlns:xsi="http://www.w3.org/2001/XMLSchema-instance" xsi:noNamespaceSchemaLocation="https://maven.apache.org/surefire/maven-surefire-plugin/xsd/surefire-test-report-3.0.xsd" version="3.0" name="TestSuite" time="19.669" tests="25" errors="0" skipped="0" failures="0">
  <properties>
[...]
</properties>
  <testcase name="googleTitleTest" classname="testNg.GoogleTest" time="0.021">
    <system-out><![CDATA[BeforeSuite ----->  Set Up property for chrome
BeforeTest -----> Launch browser
Title: Google
]]></system-out>
    <system-err><![CDATA[SLF4J(W): No SLF4J providers were found.
SLF4J(W): Defaulting to no-operation (NOP) logger implementation
SLF4J(W): See https://www.slf4j.org/codes.html#noProviders for further details.
Mar 16, 2026 9:08:57 PM org.openqa.selenium.devtools.CdpVersionFinder findNearestMatch
WARNING: Unable to find an exact match for CDP version 145, returning the closest version; found: 142; Please update to a Selenium version that supports CDP version 145
]]></system-err>
  </testcase>
  <testcase name="googleLogoTest" classname="testNg.GoogleTest" time="0.049">
    <system-out><![CDATA[LogoTest: true
]]></system-out>
    <system-err><![CDATA[Mar 16, 2026 9:08:59 PM org.openqa.selenium.devtools.CdpVersionFinder findNearestMatch
WARNING: Unable to find an exact match for CDP version 145, returning the closest version; found: 142; Please update to a Selenium version that supports CDP version 145
]]></system-err>
  </testcase>
  <testcase name="mailLinkTest" classname="testNg.GoogleTest" time="0.037">
    <system-out><![CDATA[true
]]></system-out>
    <system-err><![CDATA[Mar 16, 2026 9:09:02 PM org.openqa.selenium.devtools.CdpVersionFinder findNearestMatch
WARNING: Unable to find an exact match for CDP version 145, returning the closest version; found: 142; Please update to a Selenium version that supports CDP version 145
]]></system-err>
  </testcase>
  <testcase name="test1" classname="testNg.GoogleTest" time="0.004">
    <system-out><![CDATA[Test1
]]></system-out>
    <system-err><![CDATA[Mar 16, 2026 9:09:04 PM org.openqa.selenium.devtools.CdpVersionFinder findNearestMatch
WARNING: Unable to find an exact match for CDP version 145, returning the closest version; found: 142; Please update to a Selenium version that supports CDP version 145
]]></system-err>
  </testcase>
  <testcase name="test2" classname="testNg.GoogleTest" time="0.002">
    <system-out><![CDATA[Test2
]]></system-out>
    <system-err><![CDATA[Mar 16, 2026 9:09:06 PM org.openqa.selenium.devtools.CdpVersionFinder findNearestMatch
WARNING: Unable to find an exact match for CDP version 145, returning the closest version; found: 142; Please update to a Selenium version that supports CDP version 145
]]></system-err>
  </testcase>
  <testcase name="test3" classname="testNg.GoogleTest" time="0.0">
    <system-out><![CDATA[Test3
]]></system-out>
    <system-err><![CDATA[Mar 16, 2026 9:09:08 PM org.openqa.selenium.devtools.CdpVersionFinder findNearestMatch
WARNING: Unable to find an exact match for CDP version 145, returning the closest version; found: 142; Please update to a Selenium version that supports CDP version 145
]]></system-err>
  </testcase>
  <testcase name="googleLogoTest" classname="testNg.GoogleTitleTest" time="0.062">
    <system-out><![CDATA[LogoTest: true
]]></system-out>
    <system-err><![CDATA[Mar 16, 2026 9:09:10 PM org.openqa.selenium.devtools.CdpVersionFinder findNearestMatch
WARNING: Unable to find an exact match for CDP version 145, returning the closest version; found: 142; Please update to a Selenium version that supports CDP version 145
]]></system-err>
  </testcase>
  <testcase name="googleTitleTest" classname="testNg.GoogleTitleTest" time="0.031">
    <system-out><![CDATA[Google
]]></system-out>
    <system-err><![CDATA[Mar 16, 2026 9:09:12 PM org.openqa.selenium.devtools.CdpVersionFinder findNearestMatch
WARNING: Unable to find an exact match for CDP version 145, returning the closest version; found: 142; Please update to a Selenium version that supports CDP version 145
]]></system-err>
  </testcase>
  <testcase name="sum" classname="testNg.InvocationCountTest" time="0.0">
    <system-out><![CDATA[Sum is 30
]]></system-out>
  </testcase>
  <testcase name="sum" classname="testNg.InvocationCountTest" time="0.0">
    <system-out><![CDATA[Sum is 30
]]></system-out>
  </testcase>
  <testcase name="sum" classname="testNg.InvocationCountTest" time="0.005">
    <system-out><![CDATA[Sum is 30
]]></system-out>
  </testcase>
  <testcase name="sum" classname="testNg.InvocationCountTest" time="0.002">
    <system-out><![CDATA[Sum is 30
]]></system-out>
  </testcase>
  <testcase name="sum" classname="testNg.InvocationCountTest" time="0.0">
    <system-out><![CDATA[Sum is 30
]]></system-out>
  </testcase>
  <testcase name="sum" classname="testNg.InvocationCountTest" time="0.0">
    <system-out><![CDATA[Sum is 30
]]></system-out>
  </testcase>
  <testcase name="sum" classname="testNg.InvocationCountTest" time="0.003">
    <system-out><![CDATA[Sum is 30
]]></system-out>
  </testcase>
  <testcase name="sum" classname="testNg.InvocationCountTest" time="0.004">
    <system-out><![CDATA[Sum is 30
]]></system-out>
  </testcase>
  <testcase name="sum" classname="testNg.InvocationCountTest" time="0.0">
    <system-out><![CDATA[Sum is 30
]]></system-out>
  </testcase>
  <testcase name="sum" classname="testNg.InvocationCountTest" time="0.0">
    <system-out><![CDATA[Sum is 30
]]></system-out>
  </testcase>
  <testcase name="googleTitleTest" classname="testNg.TestNGBasics" time="0.0">
    <system-out><![CDATA[BeforeClass -----> login to app
BeforeMethod -----> enter url
Test ------> googleTitleTest
]]></system-out>
  </testcase>
  <testcase name="searchText" classname="testNg.TestNGBasics" time="0.0">
    <system-out><![CDATA[AfterMethod ----->  logout
BeforeMethod -----> enter url
Test -----> Search text
]]></system-out>
  </testcase>
  <testcase name="loginPageTest" classname="testNg.TestNgFeatures" time="0.0">
    <system-out><![CDATA[AfterMethod ----->  logout
AfterClass ----> closeBrowser
Login page
]]></system-out>
  </testcase>
  <testcase name="homePageTest" classname="testNg.TestNgFeatures" time="0.002">
    <system-out><![CDATA[Home page
]]></system-out>
  </testcase>
  <testcase name="regPageTest" classname="testNg.TestNgFeatures" time="0.0">
    <system-out><![CDATA[regPageTest page
]]></system-out>
  </testcase>
  <testcase name="searchPageTest" classname="testNg.TestNgFeatures" time="0.002">
    <system-out><![CDATA[searchPageTest page
]]></system-out>
  </testcase>
  <testcase name="test1" classname="testNg.ExceptionTimeoutTest" time="0.003"/>
</testsuite>