<?xml version="1.0" encoding="UTF-8"?>
<!-- Generated by org.testng.reporters.JUnitXMLReporter -->
<testsuite ignored="0" hostname="LAPTOP-8IINSRMD" failures="0" tests="25" name="Differnet Testng features" time="18.945" errors="0" timestamp="2026-03-16T21:09:14 IST">
  <testcase classname="testNg.GoogleTest" name="googleTitleTest" time="0.017"/>
  <testcase classname="testNg.GoogleTest" name="googleLogoTest" time="0.048"/>
  <testcase classname="testNg.GoogleTest" name="mailLinkTest" time="0.033"/>
  <testcase classname="testNg.GoogleTest" name="test1" time="0.0"/>
  <testcase classname="testNg.GoogleTest" name="test2" time="0.002"/>
  <testcase classname="testNg.GoogleTest" name="test3" time="0.0"/>
  <testcase classname="testNg.GoogleTitleTest" name="googleLogoTest" time="0.062"/>
  <testcase classname="testNg.GoogleTitleTest" name="googleTitleTest" time="0.032"/>
  <testcase classname="testNg.InvocationCountTest" name="sum" time="0.0"/>
  <testcase classname="testNg.InvocationCountTest" name="sum" time="0.0"/>
  <testcase classname="testNg.InvocationCountTest" name="sum" time="0.0"/>
  <testcase classname="testNg.InvocationCountTest" name="sum" time="0.0"/>
  <testcase classname="testNg.InvocationCountTest" name="sum" time="0.005"/>
  <testcase classname="testNg.InvocationCountTest" name="sum" time="0.0"/>
  <testcase classname="testNg.InvocationCountTest" name="sum" time="0.0"/>
  <testcase classname="testNg.InvocationCountTest" name="sum" time="0.0"/>
  <testcase classname="testNg.InvocationCountTest" name="sum" time="0.0"/>
  <testcase classname="testNg.InvocationCountTest" name="sum" time="0.0"/>
  <testcase classname="testNg.TestNGBasics" name="googleTitleTest" time="0.0"/>
  <testcase classname="testNg.TestNGBasics" name="searchText" time="0.0"/>
  <testcase classname="testNg.TestNgFeatures" name="loginPageTest" time="0.0"/>
  <testcase classname="testNg.TestNgFeatures" name="homePageTest" time="0.0"/>
  <testcase classname="testNg.TestNgFeatures" name="regPageTest" time="0.0"/>
  <testcase classname="testNg.TestNgFeatures" name="searchPageTest" time="0.0"/>
  <testcase classname="testNg.ExceptionTimeoutTest" name="test1" time="0.002"/>
</testsuite> <!-- Differnet Testng features -->
