<?xml version="1.0" encoding="UTF-8"?>
<!-- Generated by org.testng.reporters.JUnitReportReporter -->
<testsuite hostname="LAPTOP-8IINSRMD" failures="0" tests="3" name="testNgProvider.LoginTest" time="9.467" errors="0" timestamp="2026-03-16T09:37:58 IST" skipped="0">
  <testcase classname="testNgProvider.LoginTest" name="loginTest" time="3.080"/>
  <testcase classname="testNgProvider.LoginTest" name="loginTest" time="3.596"/>
  <testcase classname="testNgProvider.LoginTest" name="loginTest" time="2.791"/>
</testsuite> <!-- testNgProvider.LoginTest -->
