<?xml version="1.0" encoding="UTF-8"?>
<!-- Generated by org.testng.reporters.JUnitReportReporter -->
<testsuite hostname="LAPTOP-8IINSRMD" failures="0" tests="2" name="parametersInTestNg.ParameterTest" time="179.810" errors="0" timestamp="2026-03-16T15:11:51 IST" skipped="0">
  <testcase classname="parametersInTestNg.ParameterTest" name="yahooLoginTest" time="62.206"/>
  <testcase classname="parametersInTestNg.ParameterTest" name="yahooLoginTest" time="117.604"/>
</testsuite> <!-- parametersInTestNg.ParameterTest -->
