<?xml version="1.0" encoding="UTF-8"?>
<!-- Generated by org.testng.reporters.JUnitReportReporter -->
<testsuite hostname="LAPTOP-8IINSRMD" failures="0" tests="3" name="sample18.FirstTestCase" time="0.010" errors="0" timestamp="2025-12-05T16:07:16 IST" skipped="0">
  <testcase classname="sample18.FirstTestCase" name="openapp" time="0.002"/>
  <testcase classname="sample18.FirstTestCase" name="login" time="0.005"/>
  <testcase classname="sample18.FirstTestCase" name="logout" time="0.003"/>
</testsuite> <!-- sample18.FirstTestCase -->
