<?xml version="1.0" encoding="UTF-8"?>
<!-- Generated by org.testng.reporters.JUnitReportReporter -->
<testsuite hostname="LAPTOP-8IINSRMD" failures="0" tests="4" name="sample18.OrangeHrmTest" time="9.391" errors="0" timestamp="2025-12-05T16:07:16 IST" skipped="0">
  <testcase classname="sample18.OrangeHrmTest" name="openapp" time="4.266"/>
  <testcase classname="sample18.OrangeHrmTest" name="testLogo" time="3.090"/>
  <testcase classname="sample18.OrangeHrmTest" name="testLogin" time="1.832"/>
  <testcase classname="sample18.OrangeHrmTest" name="closeApp" time="0.203"/>
</testsuite> <!-- sample18.OrangeHrmTest -->
