<?xml version="1.0" encoding="UTF-8"?>
<!-- Generated by org.testng.reporters.JUnitReportReporter -->
<testsuite hostname="LAPTOP-8IINSRMD" failures="0" tests="6" name="sample21.ParamTest" time="1.258" errors="0" timestamp="2026-03-16T10:26:21 IST" skipped="0">
  <testcase classname="sample21.ParamTest" name="testLogo" time="0.620"/>
  <testcase classname="sample21.ParamTest" name="testLogo" time="0.568"/>
  <testcase classname="sample21.ParamTest" name="testTitle" time="0.024"/>
  <testcase classname="sample21.ParamTest" name="testTitle" time="0.020"/>
  <testcase classname="sample21.ParamTest" name="testUrl" time="0.012"/>
  <testcase classname="sample21.ParamTest" name="testUrl" time="0.014"/>
</testsuite> <!-- sample21.ParamTest -->
