<?xml version="1.0" encoding="UTF-8"?>
<!-- Generated by org.testng.reporters.JUnitReportReporter -->
<testsuite hostname="LAPTOP-8IINSRMD" failures="0" tests="4" name="testNg.TestNgFeatures" time="0.004" errors="0" timestamp="2026-03-16T17:57:33 IST" skipped="0">
  <testcase classname="testNg.TestNgFeatures" name="homePageTest" time="0.001"/>
  <testcase classname="testNg.TestNgFeatures" name="regPageTest" time="0.001"/>
  <testcase classname="testNg.TestNgFeatures" name="searchPageTest" time="0.001"/>
  <testcase classname="testNg.TestNgFeatures" name="loginPageTest" time="0.001"/>
</testsuite> <!-- testNg.TestNgFeatures -->
