<?xml version="1.0" encoding="UTF-8"?>
<!-- Generated by org.testng.reporters.JUnitReportReporter -->
<testsuite hostname="LAPTOP-8IINSRMD" failures="0" tests="3" name="sample20.LoginTests" time="0.012" errors="0" timestamp="2026-03-16T09:59:27 IST" skipped="0">
  <testcase classname="sample20.LoginTests" name="loginByEmail" time="0.010"/>
  <testcase classname="sample20.LoginTests" name="loginByFb" time="0.001"/>
  <testcase classname="sample20.LoginTests" name="loginByTwitter" time="0.001"/>
</testsuite> <!-- sample20.LoginTests -->
