<?xml version="1.0" encoding="UTF-8"?>
<!-- Generated by org.testng.reporters.JUnitReportReporter -->
<testsuite hostname="LAPTOP-8IINSRMD" failures="0" tests="3" name="sample22.OrangeHrmTest1" time="3.139" errors="0" timestamp="2026-03-16T11:04:58 IST" skipped="0">
  <testcase classname="sample22.OrangeHrmTest1" name="testLogo" time="3.110"/>
  <testcase classname="sample22.OrangeHrmTest1" name="testappUrl" time="0.013"/>
  <testcase classname="sample22.OrangeHrmTest1" name="testHomePageTitle" time="0.016"/>
</testsuite> <!-- sample22.OrangeHrmTest1 -->
