<?xml version="1.0" encoding="UTF-8"?>
<!-- Generated by org.testng.reporters.JUnitReportReporter -->
<testsuite hostname="LAPTOP-8IINSRMD" failures="0" tests="3" name="sample20.SignUpTests" time="0.014" errors="0" timestamp="2026-03-16T10:03:05 IST" skipped="0">
  <testcase classname="sample20.SignUpTests" name="signByEmail" time="0.011"/>
  <testcase classname="sample20.SignUpTests" name="signByFb" time="0.002"/>
  <testcase classname="sample20.SignUpTests" name="signByTwitter" time="0.001"/>
</testsuite> <!-- sample20.SignUpTests -->
