<?xml version="1.0" encoding="UTF-8"?>
<!-- Generated by org.testng.reporters.JUnitReportReporter -->
<testsuite hostname="LAPTOP-8IINSRMD" failures="0" tests="6" name="testNg.GoogleTest" time="15.057" errors="0" timestamp="2026-03-16T17:57:33 IST" skipped="0">
  <testcase classname="testNg.GoogleTest" name="googleTitleTest" time="2.652"/>
  <testcase classname="testNg.GoogleTest" name="googleLogoTest" time="2.225"/>
  <testcase classname="testNg.GoogleTest" name="mailLinkTest" time="2.299"/>
  <testcase classname="testNg.GoogleTest" name="test1" time="3.636"/>
  <testcase classname="testNg.GoogleTest" name="test2" time="2.134"/>
  <testcase classname="testNg.GoogleTest" name="test3" time="2.111"/>
</testsuite> <!-- testNg.GoogleTest -->
