<?xml version="1.0" encoding="UTF-8"?>
<!-- Generated by org.testng.reporters.JUnitReportReporter -->
<testsuite hostname="LAPTOP-8IINSRMD" failures="0" tests="6" name="testNg.GoogleTest" time="13.730" errors="0" timestamp="2026-03-16T21:09:14 IST" skipped="0">
  <testcase classname="testNg.GoogleTest" name="googleTitleTest" time="1.962"/>
  <testcase classname="testNg.GoogleTest" name="googleLogoTest" time="3.082"/>
  <testcase classname="testNg.GoogleTest" name="mailLinkTest" time="1.999"/>
  <testcase classname="testNg.GoogleTest" name="test1" time="2.342"/>
  <testcase classname="testNg.GoogleTest" name="test2" time="2.227"/>
  <testcase classname="testNg.GoogleTest" name="test3" time="2.118"/>
</testsuite> <!-- testNg.GoogleTest -->
