<?xml version="1.0" encoding="UTF-8"?>
<!-- Generated by org.testng.reporters.JUnitReportReporter -->
<testsuite hostname="LAPTOP-8IINSRMD" failures="0" tests="10" name="testNg.InvocationCountTest" time="0.005" errors="0" timestamp="2026-03-16T21:09:14 IST" skipped="0">
  <testcase classname="testNg.InvocationCountTest" name="sum" time="0.000"/>
  <testcase classname="testNg.InvocationCountTest" name="sum" time="0.000"/>
  <testcase classname="testNg.InvocationCountTest" name="sum" time="0.000"/>
  <testcase classname="testNg.InvocationCountTest" name="sum" time="0.000"/>
  <testcase classname="testNg.InvocationCountTest" name="sum" time="0.005"/>
  <testcase classname="testNg.InvocationCountTest" name="sum" time="0.000"/>
  <testcase classname="testNg.InvocationCountTest" name="sum" time="0.000"/>
  <testcase classname="testNg.InvocationCountTest" name="sum" time="0.000"/>
  <testcase classname="testNg.InvocationCountTest" name="sum" time="0.000"/>
  <testcase classname="testNg.InvocationCountTest" name="sum" time="0.000"/>
</testsuite> <!-- testNg.InvocationCountTest -->
