<?xml version="1.0" encoding="UTF-8"?>
<!-- Generated by org.testng.reporters.JUnitXMLReporter -->
<testsuite ignored="0" hostname="LAPTOP-8IINSRMD" failures="0" tests="25" name="Differnet Testng features" time="19.74" errors="0" timestamp="2026-03-16T17:57:33 IST">
  <testcase classname="testNg.GoogleTest" name="googleTitleTest" time="0.03"/>
  <testcase classname="testNg.GoogleTest" name="googleLogoTest" time="0.088"/>
  <testcase classname="testNg.GoogleTest" name="mailLinkTest" time="0.047"/>
  <testcase classname="testNg.GoogleTest" name="test1" time="0.005"/>
  <testcase classname="testNg.GoogleTest" name="test2" time="0.007"/>
  <testcase classname="testNg.GoogleTest" name="test3" time="0.004"/>
  <testcase classname="testNg.GoogleTitleTest" name="googleLogoTest" time="0.054"/>
  <testcase classname="testNg.GoogleTitleTest" name="googleTitleTest" time="0.061"/>
  <testcase classname="testNg.InvocationCountTest" name="sum" time="0.001"/>
  <testcase classname="testNg.InvocationCountTest" name="sum" time="0.0"/>
  <testcase classname="testNg.InvocationCountTest" name="sum" time="0.0"/>
  <testcase classname="testNg.InvocationCountTest" name="sum" time="0.001"/>
  <testcase classname="testNg.InvocationCountTest" name="sum" time="0.001"/>
  <testcase classname="testNg.InvocationCountTest" name="sum" time="0.001"/>
  <testcase classname="testNg.InvocationCountTest" name="sum" time="0.0"/>
  <testcase classname="testNg.InvocationCountTest" name="sum" time="0.0"/>
  <testcase classname="testNg.InvocationCountTest" name="sum" time="0.001"/>
  <testcase classname="testNg.InvocationCountTest" name="sum" time="0.001"/>
  <testcase classname="testNg.TestNGBasics" name="googleTitleTest" time="0.001"/>
  <testcase classname="testNg.TestNGBasics" name="searchText" time="0.001"/>
  <testcase classname="testNg.TestNgFeatures" name="loginPageTest" time="0.001"/>
  <testcase classname="testNg.TestNgFeatures" name="homePageTest" time="0.001"/>
  <testcase classname="testNg.TestNgFeatures" name="regPageTest" time="0.001"/>
  <testcase classname="testNg.TestNgFeatures" name="searchPageTest" time="0.001"/>
  <testcase classname="testNg.ExceptionTimeoutTest" name="test1" time="0.002"/>
</testsuite> <!-- Differnet Testng features -->
